-------------------------------------------------------------------------------
Test set: tutorial.Stack_ESTest
-------------------------------------------------------------------------------
Tests run: 5, Failures: 1, Errors: 0, Skipped: 0, Time elapsed: 1.343 sec <<< FAILURE! - in tutorial.Stack_ESTest
test4(tutorial.Stack_ESTest)  Time elapsed: 0.036 sec  <<< FAILURE!
java.lang.AssertionError: Expecting exception: IllegalArgumentException
	at org.junit.Assert.fail(Assert.java:88)
	at tutorial.Stack_ESTest.test4(Stack_ESTest.java:84)

